<?xml version="1.0" encoding="UTF-8"?>
<testng-results skipped="0" failed="0" ignored="0" total="1" passed="1">
  <reporter-output>
  </reporter-output>
  <suite name="Default suite" duration-ms="12729" started-at="2020-10-10T16:35:02 IST" finished-at="2020-10-10T16:35:15 IST">
    <groups>
    </groups>
    <test name="Default test" duration-ms="12729" started-at="2020-10-10T16:35:02 IST" finished-at="2020-10-10T16:35:15 IST">
      <class name="com.homepage.Test1">
        <test-method status="PASS" signature="main()[pri:0, instance:com.homepage.Test1@5a8806ef]" name="main" duration-ms="12613" started-at="2020-10-10T16:35:02 IST" finished-at="2020-10-10T16:35:15 IST">
          <reporter-output>
          </reporter-output>
        </test-method> <!-- main -->
      </class> <!-- com.homepage.Test1 -->
    </test> <!-- Default test -->
  </suite> <!-- Default suite -->
</testng-results>
